Exporter version: 2.80.1, Blender version: 2.91.0
========= Conversion from Blender to Babylon.js =========
	Scene settings used :
		Inline textures     :  false
		Material Type       :  PBR
		Positions Precision :  4
		Normals Precision   :  3
		UVs Precision       :  3
		Vert Color Precision:  3
		Mat Weight Precision:  2
		Keep Z-up r-handed  :  no
		Texture directory   :  C:\Users\dawic\Desktop\FullStack\Phaser\qwicki\angular-client\src\assets\babylon\models\m4\
	Python World class constructor completed
	processing begun of node:  RootNode (gltf orientation matrix)
	processing begun of node:  RootNode (model correction matrix)
	processing begun of node:  b6270154ed82473682f643b6888774e7.obj.cleaner.gles
	processing begun of mesh:  Mesh_0
		processing begun of material:  material_0
			processing texture material_0_normal
				texture type:  bumpTexture, mapped using: "UVMap"
			processing texture material_0_baseColor
				texture type:  diffuseTexture, mapped using: "UVMap"
		Custom split normals with tangents being used
		num positions      :  6176
		num normals        :  6176
		num tangents       :  24704
		num uvs            :  12352
		num uvs2           :  0
		num colors         :  0
		num triangles      :  4527
	processing begun of mesh:  Mesh_1
		processing begun of material:  material_0
		registered as also a user of material:  material_0
		Custom split normals with tangents being used
		num positions      :  1022
		num normals        :  1022
		num tangents       :  4088
		num uvs            :  2044
		num uvs2           :  0
		num colors         :  0
		num triangles      :  946
	processing begun of mesh:  Cube
		processing begun of material:  Material
		num positions      :  30
		num normals        :  30
		num tangents       :  0
		num uvs            :  60
		num uvs2           :  0
		num colors         :  0
		num triangles      :  12
	processing begun of camera (UniversalCamera):  Camera
	processing begun of light (POINT):  Light
========= Writing of JSON file started =========
	writing mesh:  Mesh_0
	writing mesh:  Mesh_1
	writing mesh:  Cube
========= Writing of JSON file completed =========
========= end of processing =========
elapsed time:  0 min, 2.0586 secs
